[  300521ms] [ERROR] Failed to load resource: the server responded with a status of 404 (Not Found) @ http://localhost:3002/_next/static/chunks/0moo5gylhkgz4.js:0
[  300522ms] [ERROR] Failed to load resource: the server responded with a status of 404 (Not Found) @ http://localhost:3002/_next/static/chunks/0.sgcmvyb6new.js:0
[  300542ms] ChunkLoadError: Failed to load chunk /_next/static/chunks/0moo5gylhkgz4.js from module 64893
    at http://localhost:3002/_next/static/chunks/turbopack-00qsx2dz0hg.s.js:1:6063
[  302109ms] [ERROR] Failed to load resource: the server responded with a status of 404 (Not Found) @ http://localhost:3002/_next/static/chunks/0-l-cyu14-b6i.css:0
[  302118ms] [ERROR] Failed to load resource: the server responded with a status of 404 (Not Found) @ http://localhost:3002/_next/static/chunks/0moo5gylhkgz4.js:0
[  302118ms] [ERROR] Failed to load resource: the server responded with a status of 404 (Not Found) @ http://localhost:3002/_next/static/chunks/0.sgcmvyb6new.js:0
[  302121ms] ChunkLoadError: Failed to load chunk /_next/static/chunks/0moo5gylhkgz4.js from module 64893
    at http://localhost:3002/_next/static/chunks/turbopack-00qsx2dz0hg.s.js:1:6063
[  305221ms] [ERROR] Failed to load resource: the server responded with a status of 404 (Not Found) @ http://localhost:3002/_next/static/chunks/0-l-cyu14-b6i.css:0
[  305223ms] [ERROR] Failed to load resource: the server responded with a status of 404 (Not Found) @ http://localhost:3002/_next/static/chunks/0moo5gylhkgz4.js:0
[  305226ms] [ERROR] Failed to load resource: the server responded with a status of 404 (Not Found) @ http://localhost:3002/_next/static/chunks/0.sgcmvyb6new.js:0
[  305227ms] ChunkLoadError: Failed to load chunk /_next/static/chunks/0moo5gylhkgz4.js from module 64893
    at http://localhost:3002/_next/static/chunks/turbopack-00qsx2dz0hg.s.js:1:6063
[  310725ms] [ERROR] Failed to load resource: the server responded with a status of 404 (Not Found) @ http://localhost:3002/_next/static/chunks/0moo5gylhkgz4.js:0
[  310725ms] [ERROR] Failed to load resource: the server responded with a status of 404 (Not Found) @ http://localhost:3002/_next/static/chunks/0.sgcmvyb6new.js:0
[  310736ms] ChunkLoadError: Failed to load chunk /_next/static/chunks/0moo5gylhkgz4.js from module 64893
    at http://localhost:3002/_next/static/chunks/turbopack-00qsx2dz0hg.s.js:1:6063
[  334384ms] ChunkLoadError: Failed to load chunk /_next/static/chunks/0moo5gylhkgz4.js from module 64893
    at http://localhost:3002/_next/static/chunks/turbopack-00qsx2dz0hg.s.js:1:6063
