[     497ms] [INFO] %cDownload the React DevTools for a better development experience: https://react.dev/link/react-devtools font-weight:bold @ http://localhost:3002/_next/static/chunks/node_modules_next_dist_115brz8._.js:2431
[     632ms] [LOG] [HMR] connected @ http://localhost:3002/_next/static/chunks/node_modules_next_dist_115brz8._.js:2431
[  810715ms] [LOG] [Fast Refresh] rebuilding @ http://localhost:3002/_next/static/chunks/node_modules_next_dist_115brz8._.js:2431
[  811889ms] [ERROR] Failed to load resource: the server responded with a status of 404 (Not Found) @ http://localhost:3002/?_rsc=wnywt:0
[  812492ms] [LOG] [Fast Refresh] done in 1850ms @ http://localhost:3002/_next/static/chunks/node_modules_next_dist_115brz8._.js:2431
[  812597ms] [LOG] [Fast Refresh] rebuilding @ http://localhost:3002/_next/static/chunks/node_modules_next_dist_115brz8._.js:2431
[  812648ms] [ERROR] ./src/hooks/use-dashboard-data.ts:4:1
Module not found: Can't resolve '@/lib/api/brand'
  2 |
  3 | import { useCallback, useEffect, useState } from "react";
> 4 | import { getBrandConfig } from "@/lib/api/brand";
    | ^^^^^^^^^^^^^^^^^^^^^^^^^^^^^^^^^^^^^^^^^^^^^^^^^
  5 | import {
  6 |   createCarousel as createCarouselRequest,
  7 |   deleteCarouselById,

Import map: aliased to relative './src/lib/api/brand' inside of [project]/

Import traces:
  Client Component Browser:
    ./src/hooks/use-dashboard-data.ts [Client Component Browser]
    ./src/app/page.tsx [Client Component Browser]
    ./src/app/page.tsx [Server Component]

  Client Component SSR:
    ./src/hooks/use-dashboard-data.ts [Client Component SSR]
    ./src/app/page.tsx [Client Component SSR]
    ./src/app/page.tsx [Server Component]

https://nextjs.org/docs/messages/module-not-found @ http://localhost:3002/_next/static/chunks/node_modules_next_dist_115brz8._.js:3272
[  812695ms] [ERROR] ./src/hooks/use-dashboard-data.ts:5:1
Module not found: Can't resolve '@/lib/api/carousels'
   3 | import { useCallback, useEffect, useState } from "react";
   4 | import { getBrandConfig } from "@/lib/api/brand";
>  5 | import {
     | ^^^^^^^
>  6 |   createCarousel as createCarouselRequest,
     | ^^^^^^^^^^^^^^^^^^^^^^^^^^^^^^^^^^^^^^^^^^
>  7 |   deleteCarouselById,
     | ^^^^^^^^^^^^^^^^^^^^^
>  8 |   duplicateCarouselById,
     | ^^^^^^^^^^^^^^^^^^^^^^^^
>  9 |   listCarousels,
     | ^^^^^^^^^^^^^^^^
> 10 | } from "@/lib/api/carousels";
     | ^^^^^^^^^^^^^^^^^^^^^^^^^^^^^
  11 | import type { BrandConfig } from "@/types/brand";
  12 | import type { Carousel } from "@/types/carousel";
  13 |

Import map: aliased to relative './src/lib/api/carousels' inside of [project]/

Import traces:
  Client Component Browser:
    ./src/hooks/use-dashboard-data.ts [Client Component Browser]
    ./src/app/page.tsx [Client Component Browser]
    ./src/app/page.tsx [Server Component]

  Client Component SSR:
    ./src/hooks/use-dashboard-data.ts [Client Component SSR]
    ./src/app/page.tsx [Client Component SSR]
    ./src/app/page.tsx [Server Component]

https://nextjs.org/docs/messages/module-not-found @ http://localhost:3002/_next/static/chunks/node_modules_next_dist_115brz8._.js:3272
[  812856ms] [LOG] [Fast Refresh] rebuilding @ http://localhost:3002/_next/static/chunks/node_modules_next_dist_115brz8._.js:2431
[  813495ms] [LOG] [Fast Refresh] done in 781ms @ http://localhost:3002/_next/static/chunks/node_modules_next_dist_115brz8._.js:2431
[  813599ms] [LOG] [Fast Refresh] rebuilding @ http://localhost:3002/_next/static/chunks/node_modules_next_dist_115brz8._.js:2431
[  813647ms] [LOG] [Fast Refresh] done in 151ms @ http://localhost:3002/_next/static/chunks/node_modules_next_dist_115brz8._.js:2431
[  813750ms] [LOG] [Fast Refresh] rebuilding @ http://localhost:3002/_next/static/chunks/node_modules_next_dist_115brz8._.js:2431
[  814679ms] [LOG] [Fast Refresh] done in 1030ms @ http://localhost:3002/_next/static/chunks/node_modules_next_dist_115brz8._.js:2431
[  814684ms] [ERROR] Failed to load resource: the server responded with a status of 500 (Internal Server Error) @ http://localhost:3002/?_rsc=wnywt:0
[  814728ms] [ERROR] Failed to load resource: the server responded with a status of 500 (Internal Server Error) @ http://localhost:3002/:0
[  815528ms] Invalid or unexpected token
[  815706ms] [INFO] %cDownload the React DevTools for a better development experience: https://react.dev/link/react-devtools font-weight:bold @ http://localhost:3002/_next/static/chunks/node_modules_react-dom_0bruynb._.js:15305
[  815824ms] [LOG] [HMR] connected @ http://localhost:3002/_next/static/chunks/node_modules_next_dist_0u_w_5s._.js:1226
[  815835ms] [WARNING] [HMR] Invalid message: {"type":"isrManifest","data":{"/":false,"/?_rsc=wnywt":false}}
TypeError: Cannot read properties of undefined (reading 'components')
    at handleStaticIndicator (http://localhost:3002/_next/static/chunks/node_modules_next_dist_client_0pe1dg-._.js:2791:46)
    at processMessage (http://localhost:3002/_next/static/chunks/node_modules_next_dist_client_0pe1dg-._.js:2805:17)
    at http://localhost:3002/_next/static/chunks/node_modules_next_dist_client_0pe1dg-._.js:2679:13
    at WebSocket.handleMessage (http://localhost:3002/_next/static/chunks/node_modules_next_dist_client_0pe1dg-._.js:2324:17) @ http://localhost:3002/_next/static/chunks/node_modules_next_dist_0u_w_5s._.js:1226
